# Logfile created on Fri Oct 25 12:00:32 +0100 2013 by logger.rb/1.2.6
  [4;36;1mSQL (0.000096)[0m   [0;1mSET SQL_AUTO_IS_NULL=0[0m
  [4;35;1mSQL (0.121815)[0m   [0mCREATE TABLE schema_info (version int(11))[0m
  [4;36;1mSQL (0.003405)[0m   [0;1mINSERT INTO schema_info (version) VALUES(0)[0m
  [4;35;1mSQL (0.000000)[0m   [0mMysql::Error: #42S01Table 'schema_info' already exists: CREATE TABLE schema_info (version int(11))[0m
  [4;36;1mSQL (0.000301)[0m   [0;1mSELECT version FROM schema_info[0m
Migrating to AddCityImageToCities (1)
  [4;35;1mSQL (0.000000)[0m   [0mMysql::Error: #42S02Table 'this_is_uk_development.cities' doesn't exist: ALTER TABLE cities ADD `city_image` varchar(255)[0m
  [4;36;1mSQL (0.000082)[0m   [0;1mSET SQL_AUTO_IS_NULL=0[0m
  [4;35;1mSQL (0.000000)[0m   [0mMysql::Error: #42S01Table 'schema_info' already exists: CREATE TABLE schema_info (version int(11))[0m
  [4;36;1mSQL (0.000000)[0m   [0;1mMysql::Error: #42S01Table 'schema_info' already exists: CREATE TABLE schema_info (version int(11))[0m
  [4;35;1mSQL (0.016970)[0m   [0mSELECT version FROM schema_info[0m
  [4;36;1mSQL (0.000172)[0m   [0;1mSELECT version FROM schema_info[0m
  [4;35;1mSQL (0.000165)[0m   [0mSELECT version FROM schema_info[0m
  [4;36;1mSQL (0.000190)[0m   [0;1mSELECT * FROM schema_info[0m
  [4;35;1mSQL (0.000397)[0m   [0mSHOW TABLES[0m
  [4;36;1mSQL (0.032281)[0m   [0;1mSHOW FIELDS FROM areas[0m
  [4;35;1mSQL (0.000506)[0m   [0mSHOW KEYS FROM areas[0m
  [4;36;1mSQL (0.001419)[0m   [0;1mSHOW FIELDS FROM categories[0m
  [4;35;1mSQL (0.000554)[0m   [0mSHOW KEYS FROM categories[0m
  [4;36;1mSQL (0.001256)[0m   [0;1mSHOW FIELDS FROM cities[0m
  [4;35;1mSQL (0.000527)[0m   [0mSHOW KEYS FROM cities[0m
  [4;36;1mSQL (0.001238)[0m   [0;1mSHOW FIELDS FROM contact_requests[0m
  [4;35;1mSQL (0.000579)[0m   [0mSHOW KEYS FROM contact_requests[0m
  [4;36;1mSQL (0.001819)[0m   [0;1mSHOW FIELDS FROM images[0m
  [4;35;1mSQL (0.000632)[0m   [0mSHOW KEYS FROM images[0m
  [4;36;1mSQL (0.015940)[0m   [0;1mSHOW FIELDS FROM items[0m
  [4;35;1mSQL (0.000690)[0m   [0mSHOW KEYS FROM items[0m
  [4;36;1mSQL (0.001495)[0m   [0;1mSHOW FIELDS FROM modevents[0m
  [4;35;1mSQL (0.000493)[0m   [0mSHOW KEYS FROM modevents[0m
  [4;36;1mSQL (0.001316)[0m   [0;1mSHOW FIELDS FROM review_ratings[0m
  [4;35;1mSQL (0.000504)[0m   [0mSHOW KEYS FROM review_ratings[0m
  [4;36;1mSQL (0.001562)[0m   [0;1mSHOW FIELDS FROM reviews[0m
  [4;35;1mSQL (0.000762)[0m   [0mSHOW KEYS FROM reviews[0m
  [4;36;1mSQL (0.001458)[0m   [0;1mSHOW FIELDS FROM sessions[0m
  [4;35;1mSQL (0.000545)[0m   [0mSHOW KEYS FROM sessions[0m
  [4;36;1mSQL (0.001125)[0m   [0;1mSHOW FIELDS FROM subcategories[0m
  [4;35;1mSQL (0.000464)[0m   [0mSHOW KEYS FROM subcategories[0m
  [4;36;1mSQL (0.001119)[0m   [0;1mSHOW FIELDS FROM subsubcategories[0m
  [4;35;1mSQL (0.000520)[0m   [0mSHOW KEYS FROM subsubcategories[0m
  [4;36;1mSQL (0.001709)[0m   [0;1mSHOW FIELDS FROM users[0m
  [4;35;1mSQL (0.000547)[0m   [0mSHOW KEYS FROM users[0m


Processing GuideController#index (for 127.0.0.1 at 2013-10-25 12:15:16) [GET]
  Session ID: 616faaaa7f0b8f086c2dd0c9a596ad91
  Parameters: {"action"=>"index", "controller"=>"guide"}
  [4;36;1mCity Columns (0.031284)[0m   [0;1mSHOW FIELDS FROM cities[0m
  [4;35;1mCity Load (0.010674)[0m   [0mSELECT * FROM cities WHERE (cities.`city_name` = 'sheffield') LIMIT 1[0m
  [4;36;1mCategory Load (0.017384)[0m   [0;1mSELECT * FROM categories ORDER BY id[0m
  [4;35;1mItem Load (0.034554)[0m   [0mselect i.id, i.item_name, i.item_tel, i.item_address, r.review, i.item_area, c.cat_sys_name, sc.subcat_sys_name, ssc.subsubcat_sys_name from items i inner join reviews r on r.item_id = i.id inner join categories c on c.id = i.category_id inner join subcategories sc on sc.id = i.subcategory_id inner join subsubcategories ssc on ssc.id = i.subsubcategory_id where item_city = 1 group by i.id order by i.id desc, r.rev_rating desc limit 6[0m
Rendering  within layouts/guide
Rendering guide/index
Rendered guide/_banner (0.00100)
  [4;36;1mCategory Columns (0.031196)[0m   [0;1mSHOW FIELDS FROM categories[0m
Rendered guide/_cat_menu (0.03362)
DEPRECATION WARNING: start_form_tag is deprecated and will be removed from Rails 2.0 (use form_tag instead)  See http://www.rubyonrails.org/deprecation for details. (called from _run_rhtml_47app47views47guide47_search_box46rhtml at /Users/ianmooney/Rails/this_is_uk/app/views/guide/_search_box.rhtml:4)
DEPRECATION WARNING: end_form_tag is deprecated and will be removed from Rails 2.0  See http://www.rubyonrails.org/deprecation for details. (called from _run_rhtml_47app47views47guide47_search_box46rhtml at /Users/ianmooney/Rails/this_is_uk/app/views/guide/_search_box.rhtml:7)
Rendered guide/_search_box (0.00248)
  [4;35;1mItem Columns (0.031304)[0m   [0mSHOW FIELDS FROM items[0m
  [4;36;1mReview Load (0.000389)[0m   [0;1mselect avg(rev_rating) as rev_average, avg(rev_value) as rev_value, avg(rev_child) as rev_child from reviews where item_id=640[0m
  [4;35;1mReview Columns (0.001776)[0m   [0mSHOW FIELDS FROM reviews[0m
  [4;36;1mReview Load (0.000360)[0m   [0;1mselect avg(rev_rating) as rev_average, avg(rev_value) as rev_value, avg(rev_child) as rev_child from reviews where item_id=229[0m
  [4;35;1mReview Load (0.000303)[0m   [0mselect avg(rev_rating) as rev_average, avg(rev_value) as rev_value, avg(rev_child) as rev_child from reviews where item_id=228[0m
  [4;36;1mReview Load (0.000282)[0m   [0;1mselect avg(rev_rating) as rev_average, avg(rev_value) as rev_value, avg(rev_child) as rev_child from reviews where item_id=224[0m
  [4;35;1mReview Load (0.000265)[0m   [0mselect avg(rev_rating) as rev_average, avg(rev_value) as rev_value, avg(rev_child) as rev_child from reviews where item_id=220[0m
  [4;36;1mReview Load (0.000237)[0m   [0;1mselect avg(rev_rating) as rev_average, avg(rev_value) as rev_value, avg(rev_child) as rev_child from reviews where item_id=219[0m
Rendered guide/_footer (0.00108)
Completed in 0.22063 (4 reqs/sec) | Rendering: 0.04545 (20%) | DB: 0.16001 (72%) | 200 OK [http://localhost/]


Processing GuideController#detail (for 127.0.0.1 at 2013-10-25 12:15:28) [GET]
  Session ID: 616faaaa7f0b8f086c2dd0c9a596ad91
  Parameters: {"subsubcat_sys_name"=>"real_ale_pubs", "action"=>"detail", "id"=>"219", "controller"=>"guide", "cat_sys_name"=>"bars-and-pubs", "subcat_sys_name"=>"pubs"}
  [4;35;1mCity Columns (0.001557)[0m   [0mSHOW FIELDS FROM cities[0m
  [4;36;1mCity Load (0.000386)[0m   [0;1mSELECT * FROM cities WHERE (cities.`city_name` = 'sheffield') LIMIT 1[0m
  [4;35;1mCategory Load (0.000516)[0m   [0mSELECT * FROM categories ORDER BY id[0m
  [4;36;1mSubcategory Load (0.000532)[0m   [0;1mselect sc.subcat_name, sc.subcat_sys_name from subcategories sc inner join categories c on sc.category_id = c.id and c.cat_sys_name = 'bars-and-pubs' order by subcat_name[0m
  [4;35;1mSubcategory Load (0.019403)[0m   [0mselect ssc.subsubcat_name, ssc.subsubcat_sys_name from subsubcategories ssc inner join subcategories sc on ssc.subcategory_id = sc.id and sc.subcat_sys_name = 'pubs' order by subsubcat_name[0m
  [4;36;1mItem Load (0.000563)[0m   [0;1mselect i.id, i.item_name, i.item_tel, i.item_address, i.item_area, i.user_id from items i inner join categories c on c.id = i.category_id inner join subcategories s on s.id = i.subcategory_id inner join subsubcategories ss on s.id = ss.subcategory_id where i.id = '219' limit 1[0m
  [4;35;1mReview Load (0.000812)[0m   [0mSELECT * FROM reviews WHERE (item_id = '219') [0m
  [4;36;1mReview Columns (0.001758)[0m   [0;1mSHOW FIELDS FROM reviews[0m
  [4;35;1mReview Load (0.000869)[0m   [0mSELECT * FROM reviews WHERE (item_id = '219' and user_id = NULL) [0m
Rendering  within layouts/guide
Rendering guide/detail
  [4;36;1mItem Columns (0.032392)[0m   [0;1mSHOW FIELDS FROM items[0m
Rendered guide/_banner (0.00027)
  [4;35;1mCategory Columns (0.001481)[0m   [0mSHOW FIELDS FROM categories[0m
Rendered guide/_cat_menu (0.00302)
  [4;36;1mSubcategory Columns (0.032292)[0m   [0;1mSHOW FIELDS FROM subcategories[0m
Rendered guide/_subtype_menu (0.00109)
Rendered guide/_type_menu (0.03523)
DEPRECATION WARNING: start_form_tag is deprecated and will be removed from Rails 2.0 (use form_tag instead)  See http://www.rubyonrails.org/deprecation for details. (called from _run_rhtml_47app47views47guide47_search_box46rhtml at /Users/ianmooney/Rails/this_is_uk/app/views/guide/_search_box.rhtml:4)
DEPRECATION WARNING: end_form_tag is deprecated and will be removed from Rails 2.0  See http://www.rubyonrails.org/deprecation for details. (called from _run_rhtml_47app47views47guide47_search_box46rhtml at /Users/ianmooney/Rails/this_is_uk/app/views/guide/_search_box.rhtml:7)
Rendered guide/_search_box (0.00115)
  [4;35;1mUser Columns (0.031325)[0m   [0mSHOW FIELDS FROM users[0m
  [4;36;1mUser Load (0.000551)[0m   [0;1mSELECT * FROM users WHERE (users.`id` = 4) [0m
Rendered guide/_footer (0.00040)
Completed in 0.20026 (4 reqs/sec) | Rendering: 0.01713 (8%) | DB: 0.12444 (62%) | 200 OK [http://localhost/bars-and-pubs/pubs/real_ale_pubs/219]


Processing GuideController#categories (for 127.0.0.1 at 2013-10-25 12:15:32) [GET]
  Session ID: 616faaaa7f0b8f086c2dd0c9a596ad91
  Parameters: {"subsubcat_sys_name"=>"gastropub", "action"=>"categories", "controller"=>"guide", "cat_sys_name"=>"bars-and-pubs", "subcat_sys_name"=>"pubs"}
  [4;35;1mCity Columns (0.016033)[0m   [0mSHOW FIELDS FROM cities[0m
  [4;36;1mCity Load (0.000440)[0m   [0;1mSELECT * FROM cities WHERE (cities.`city_name` = 'sheffield') LIMIT 1[0m
  [4;35;1mCategory Load (0.000487)[0m   [0mSELECT * FROM categories ORDER BY id[0m
  [4;36;1mSubcategory Load (0.000534)[0m   [0;1mselect sc.subcat_name, sc.subcat_sys_name from subcategories sc inner join categories c on sc.category_id = c.id and c.cat_sys_name = 'bars-and-pubs' order by subcat_name[0m
  [4;35;1mSubcategory Load (0.000906)[0m   [0mselect ssc.subsubcat_name, ssc.subsubcat_sys_name from subsubcategories ssc inner join subcategories sc on ssc.subcategory_id = sc.id and sc.subcat_sys_name = 'pubs' order by subsubcat_name[0m
  [4;36;1mCategory Load (0.000290)[0m   [0;1mSELECT * FROM categories WHERE (cat_sys_name = 'bars-and-pubs') LIMIT 1[0m
  [4;35;1mSubcategory Load (0.000339)[0m   [0mSELECT * FROM subcategories WHERE (subcat_sys_name = 'pubs') LIMIT 1[0m
  [4;36;1mItem Load (0.031239)[0m   [0;1mselect i.id, i.item_name, i.item_tel, i.item_address, r.review, i.item_area from items i left join reviews r on r.item_id = i.id inner join categories c on c.id = i.category_id inner join subcategories sc on sc.id = i.subcategory_id inner join subsubcategories ssc on ssc.id = i.subsubcategory_id where c.cat_sys_name = 'bars-and-pubs' and sc.subcat_sys_name like 'pubs' and ssc.subsubcat_sys_name like 'gastropub' and item_city = 1 group by i.id[0m
  [4;35;1mCategory Columns (0.001346)[0m   [0mSHOW FIELDS FROM categories[0m
  [4;36;1mCategory Load (0.000329)[0m   [0;1mSELECT * FROM categories WHERE (categories.`cat_sys_name` = 'bars-and-pubs') LIMIT 1[0m
  [4;35;1mSubcategory Columns (0.001326)[0m   [0mSHOW FIELDS FROM subcategories[0m
  [4;36;1mSubcategory Load (0.000299)[0m   [0;1mSELECT * FROM subcategories WHERE (subcategories.`subcat_sys_name` = 'pubs') LIMIT 1[0m
  [4;35;1mSubsubcategory Columns (0.001244)[0m   [0mSHOW FIELDS FROM subsubcategories[0m
  [4;36;1mSubsubcategory Load (0.000356)[0m   [0;1mSELECT * FROM subsubcategories WHERE (subsubcategories.`subsubcat_sys_name` = 'gastropub') LIMIT 1[0m
Rendering  within layouts/guide
Rendering guide/categories
Rendered guide/_banner (0.00006)
Rendered guide/_cat_menu (0.00092)
Rendered guide/_subtype_menu (0.00088)
Rendered guide/_type_menu (0.00124)
DEPRECATION WARNING: start_form_tag is deprecated and will be removed from Rails 2.0 (use form_tag instead)  See http://www.rubyonrails.org/deprecation for details. (called from _run_rhtml_47app47views47guide47_search_box46rhtml at /Users/ianmooney/Rails/this_is_uk/app/views/guide/_search_box.rhtml:4)
DEPRECATION WARNING: end_form_tag is deprecated and will be removed from Rails 2.0  See http://www.rubyonrails.org/deprecation for details. (called from _run_rhtml_47app47views47guide47_search_box46rhtml at /Users/ianmooney/Rails/this_is_uk/app/views/guide/_search_box.rhtml:7)
Rendered guide/_search_box (0.00086)
  [4;35;1mItem Columns (0.017861)[0m   [0mSHOW FIELDS FROM items[0m
  [4;36;1mReview Load (0.000383)[0m   [0;1mselect avg(rev_rating) as rev_average, avg(rev_value) as rev_value, avg(rev_child) as rev_child from reviews where item_id=759[0m
  [4;35;1mReview Columns (0.001710)[0m   [0mSHOW FIELDS FROM reviews[0m
  [4;36;1mReview Load (0.000384)[0m   [0;1mselect avg(rev_rating) as rev_average, avg(rev_value) as rev_value, avg(rev_child) as rev_child from reviews where item_id=760[0m
  [4;35;1mReview Load (0.000321)[0m   [0mselect avg(rev_rating) as rev_average, avg(rev_value) as rev_value, avg(rev_child) as rev_child from reviews where item_id=761[0m
Rendered guide/_footer (0.00039)
Completed in 0.11533 (8 reqs/sec) | Rendering: 0.02148 (18%) | DB: 0.07583 (65%) | 200 OK [http://localhost/bars-and-pubs/pubs/gastropub]


Processing GuideController#categories (for 127.0.0.1 at 2013-10-25 12:15:36) [GET]
  Session ID: 616faaaa7f0b8f086c2dd0c9a596ad91
  Parameters: {"subsubcat_sys_name"=>"gay_pubs", "action"=>"categories", "controller"=>"guide", "cat_sys_name"=>"bars-and-pubs", "subcat_sys_name"=>"pubs"}
  [4;36;1mCity Columns (0.001642)[0m   [0;1mSHOW FIELDS FROM cities[0m
  [4;35;1mCity Load (0.000331)[0m   [0mSELECT * FROM cities WHERE (cities.`city_name` = 'sheffield') LIMIT 1[0m
  [4;36;1mCategory Load (0.000475)[0m   [0;1mSELECT * FROM categories ORDER BY id[0m
  [4;35;1mSubcategory Load (0.000503)[0m   [0mselect sc.subcat_name, sc.subcat_sys_name from subcategories sc inner join categories c on sc.category_id = c.id and c.cat_sys_name = 'bars-and-pubs' order by subcat_name[0m
  [4;36;1mSubcategory Load (0.001140)[0m   [0;1mselect ssc.subsubcat_name, ssc.subsubcat_sys_name from subsubcategories ssc inner join subcategories sc on ssc.subcategory_id = sc.id and sc.subcat_sys_name = 'pubs' order by subsubcat_name[0m
  [4;35;1mCategory Load (0.000429)[0m   [0mSELECT * FROM categories WHERE (cat_sys_name = 'bars-and-pubs') LIMIT 1[0m
  [4;36;1mSubcategory Load (0.000439)[0m   [0;1mSELECT * FROM subcategories WHERE (subcat_sys_name = 'pubs') LIMIT 1[0m
  [4;35;1mItem Load (0.001510)[0m   [0mselect i.id, i.item_name, i.item_tel, i.item_address, r.review, i.item_area from items i left join reviews r on r.item_id = i.id inner join categories c on c.id = i.category_id inner join subcategories sc on sc.id = i.subcategory_id inner join subsubcategories ssc on ssc.id = i.subsubcategory_id where c.cat_sys_name = 'bars-and-pubs' and sc.subcat_sys_name like 'pubs' and ssc.subsubcat_sys_name like 'gay_pubs' and item_city = 1 group by i.id[0m
  [4;36;1mCategory Columns (0.001415)[0m   [0;1mSHOW FIELDS FROM categories[0m
  [4;35;1mCategory Load (0.000337)[0m   [0mSELECT * FROM categories WHERE (categories.`cat_sys_name` = 'bars-and-pubs') LIMIT 1[0m
  [4;36;1mSubcategory Columns (0.001313)[0m   [0;1mSHOW FIELDS FROM subcategories[0m
  [4;35;1mSubcategory Load (0.000310)[0m   [0mSELECT * FROM subcategories WHERE (subcategories.`subcat_sys_name` = 'pubs') LIMIT 1[0m
  [4;36;1mSubsubcategory Columns (0.001301)[0m   [0;1mSHOW FIELDS FROM subsubcategories[0m
  [4;35;1mSubsubcategory Load (0.000326)[0m   [0mSELECT * FROM subsubcategories WHERE (subsubcategories.`subsubcat_sys_name` = 'gay_pubs') LIMIT 1[0m
Rendering  within layouts/guide
Rendering guide/categories
Rendered guide/_banner (0.00004)
Rendered guide/_cat_menu (0.00089)
Rendered guide/_subtype_menu (0.00060)
Rendered guide/_type_menu (0.00105)
DEPRECATION WARNING: start_form_tag is deprecated and will be removed from Rails 2.0 (use form_tag instead)  See http://www.rubyonrails.org/deprecation for details. (called from _run_rhtml_47app47views47guide47_search_box46rhtml at /Users/ianmooney/Rails/this_is_uk/app/views/guide/_search_box.rhtml:4)
DEPRECATION WARNING: end_form_tag is deprecated and will be removed from Rails 2.0  See http://www.rubyonrails.org/deprecation for details. (called from _run_rhtml_47app47views47guide47_search_box46rhtml at /Users/ianmooney/Rails/this_is_uk/app/views/guide/_search_box.rhtml:7)
Rendered guide/_search_box (0.00096)
Rendered guide/_footer (0.00038)
Completed in 0.03375 (29 reqs/sec) | Rendering: 0.00543 (16%) | DB: 0.01147 (33%) | 200 OK [http://localhost/bars-and-pubs/pubs/gay_pubs]


Processing GuideController#categories (for 127.0.0.1 at 2013-10-25 12:15:38) [GET]
  Session ID: 616faaaa7f0b8f086c2dd0c9a596ad91
  Parameters: {"subsubcat_sys_name"=>"general", "action"=>"categories", "controller"=>"guide", "cat_sys_name"=>"bars-and-pubs", "subcat_sys_name"=>"pubs"}
  [4;36;1mCity Columns (0.015746)[0m   [0;1mSHOW FIELDS FROM cities[0m
  [4;35;1mCity Load (0.000473)[0m   [0mSELECT * FROM cities WHERE (cities.`city_name` = 'sheffield') LIMIT 1[0m
  [4;36;1mCategory Load (0.000458)[0m   [0;1mSELECT * FROM categories ORDER BY id[0m
  [4;35;1mSubcategory Load (0.000550)[0m   [0mselect sc.subcat_name, sc.subcat_sys_name from subcategories sc inner join categories c on sc.category_id = c.id and c.cat_sys_name = 'bars-and-pubs' order by subcat_name[0m
  [4;36;1mSubcategory Load (0.000936)[0m   [0;1mselect ssc.subsubcat_name, ssc.subsubcat_sys_name from subsubcategories ssc inner join subcategories sc on ssc.subcategory_id = sc.id and sc.subcat_sys_name = 'pubs' order by subsubcat_name[0m
  [4;35;1mCategory Load (0.000346)[0m   [0mSELECT * FROM categories WHERE (cat_sys_name = 'bars-and-pubs') LIMIT 1[0m
  [4;36;1mSubcategory Load (0.000317)[0m   [0;1mSELECT * FROM subcategories WHERE (subcat_sys_name = 'pubs') LIMIT 1[0m
  [4;35;1mItem Load (0.001887)[0m   [0mselect i.id, i.item_name, i.item_tel, i.item_address, r.review, i.item_area from items i left join reviews r on r.item_id = i.id inner join categories c on c.id = i.category_id inner join subcategories sc on sc.id = i.subcategory_id inner join subsubcategories ssc on ssc.id = i.subsubcategory_id where c.cat_sys_name = 'bars-and-pubs' and sc.subcat_sys_name like 'pubs' and ssc.subsubcat_sys_name like 'general' and item_city = 1 group by i.id[0m
  [4;36;1mCategory Columns (0.002630)[0m   [0;1mSHOW FIELDS FROM categories[0m
  [4;35;1mCategory Load (0.000342)[0m   [0mSELECT * FROM categories WHERE (categories.`cat_sys_name` = 'bars-and-pubs') LIMIT 1[0m
  [4;36;1mSubcategory Columns (0.001296)[0m   [0;1mSHOW FIELDS FROM subcategories[0m
  [4;35;1mSubcategory Load (0.000366)[0m   [0mSELECT * FROM subcategories WHERE (subcategories.`subcat_sys_name` = 'pubs') LIMIT 1[0m
  [4;36;1mSubsubcategory Columns (0.001149)[0m   [0;1mSHOW FIELDS FROM subsubcategories[0m
  [4;35;1mSubsubcategory Load (0.000415)[0m   [0mSELECT * FROM subsubcategories WHERE (subsubcategories.`subsubcat_sys_name` = 'general') LIMIT 1[0m
Rendering  within layouts/guide
Rendering guide/categories
Rendered guide/_banner (0.00004)
Rendered guide/_cat_menu (0.00086)
Rendered guide/_subtype_menu (0.00051)
Rendered guide/_type_menu (0.00085)
DEPRECATION WARNING: start_form_tag is deprecated and will be removed from Rails 2.0 (use form_tag instead)  See http://www.rubyonrails.org/deprecation for details. (called from _run_rhtml_47app47views47guide47_search_box46rhtml at /Users/ianmooney/Rails/this_is_uk/app/views/guide/_search_box.rhtml:4)
DEPRECATION WARNING: end_form_tag is deprecated and will be removed from Rails 2.0  See http://www.rubyonrails.org/deprecation for details. (called from _run_rhtml_47app47views47guide47_search_box46rhtml at /Users/ianmooney/Rails/this_is_uk/app/views/guide/_search_box.rhtml:7)
Rendered guide/_search_box (0.00084)
  [4;36;1mItem Columns (0.002192)[0m   [0;1mSHOW FIELDS FROM items[0m
  [4;35;1mReview Load (0.000323)[0m   [0mselect avg(rev_rating) as rev_average, avg(rev_value) as rev_value, avg(rev_child) as rev_child from reviews where item_id=98[0m
  [4;36;1mReview Columns (0.001640)[0m   [0;1mSHOW FIELDS FROM reviews[0m
  [4;35;1mReview Load (0.000347)[0m   [0mselect avg(rev_rating) as rev_average, avg(rev_value) as rev_value, avg(rev_child) as rev_child from reviews where item_id=99[0m
  [4;36;1mReview Load (0.000259)[0m   [0;1mselect avg(rev_rating) as rev_average, avg(rev_value) as rev_value, avg(rev_child) as rev_child from reviews where item_id=425[0m
  [4;35;1mReview Load (0.000275)[0m   [0mselect avg(rev_rating) as rev_average, avg(rev_value) as rev_value, avg(rev_child) as rev_child from reviews where item_id=426[0m
  [4;36;1mReview Load (0.000229)[0m   [0;1mselect avg(rev_rating) as rev_average, avg(rev_value) as rev_value, avg(rev_child) as rev_child from reviews where item_id=427[0m
  [4;35;1mReview Load (0.000261)[0m   [0mselect avg(rev_rating) as rev_average, avg(rev_value) as rev_value, avg(rev_child) as rev_child from reviews where item_id=429[0m
Rendered guide/_footer (0.00042)
Completed in 0.09360 (10 reqs/sec) | Rendering: 0.04309 (46%) | DB: 0.03244 (34%) | 200 OK [http://localhost/bars-and-pubs/pubs/general]


Processing GuideController#categories (for 127.0.0.1 at 2013-10-25 12:15:41) [GET]
  Session ID: 616faaaa7f0b8f086c2dd0c9a596ad91
  Parameters: {"subsubcat_sys_name"=>"all", "action"=>"categories", "controller"=>"guide", "cat_sys_name"=>"restaurants-and-cafes", "subcat_sys_name"=>"all"}
  [4;36;1mCity Columns (0.024572)[0m   [0;1mSHOW FIELDS FROM cities[0m
  [4;35;1mCity Load (0.000386)[0m   [0mSELECT * FROM cities WHERE (cities.`city_name` = 'sheffield') LIMIT 1[0m
  [4;36;1mCategory Load (0.000574)[0m   [0;1mSELECT * FROM categories ORDER BY id[0m
  [4;35;1mSubcategory Load (0.000595)[0m   [0mselect sc.subcat_name, sc.subcat_sys_name from subcategories sc inner join categories c on sc.category_id = c.id and c.cat_sys_name = 'restaurants-and-cafes' order by subcat_name[0m
  [4;36;1mSubcategory Load (0.000908)[0m   [0;1mselect ssc.subsubcat_name, ssc.subsubcat_sys_name from subsubcategories ssc inner join subcategories sc on ssc.subcategory_id = sc.id and sc.subcat_sys_name = 'all' order by subsubcat_name[0m
  [4;35;1mCategory Load (0.000341)[0m   [0mSELECT * FROM categories WHERE (cat_sys_name = 'restaurants-and-cafes') LIMIT 1[0m
  [4;36;1mSubcategory Load (0.000312)[0m   [0;1mSELECT * FROM subcategories WHERE (subcat_sys_name = 'all') LIMIT 1[0m
  [4;35;1mItem Load (0.007629)[0m   [0mselect i.id, i.item_name, i.item_tel, i.item_address, r.review, i.item_area from items i left join reviews r on r.item_id = i.id inner join categories c on c.id = i.category_id inner join subcategories sc on sc.id = i.subcategory_id inner join subsubcategories ssc on ssc.id = i.subsubcategory_id where c.cat_sys_name = 'restaurants-and-cafes' and sc.subcat_sys_name like '%' and ssc.subsubcat_sys_name like '%' and item_city = 1 group by i.id[0m
  [4;36;1mCategory Columns (0.001451)[0m   [0;1mSHOW FIELDS FROM categories[0m
  [4;35;1mCategory Load (0.000352)[0m   [0mSELECT * FROM categories WHERE (categories.`cat_sys_name` = 'restaurants-and-cafes') LIMIT 1[0m
  [4;36;1mSubcategory Columns (0.001240)[0m   [0;1mSHOW FIELDS FROM subcategories[0m
  [4;35;1mSubcategory Load (0.000297)[0m   [0mSELECT * FROM subcategories WHERE (subcategories.`subcat_sys_name` = 'all') LIMIT 1[0m
  [4;36;1mSubsubcategory Columns (0.001275)[0m   [0;1mSHOW FIELDS FROM subsubcategories[0m
  [4;35;1mSubsubcategory Load (0.000309)[0m   [0mSELECT * FROM subsubcategories WHERE (subsubcategories.`subsubcat_sys_name` = 'all') LIMIT 1[0m
Rendering  within layouts/guide
Rendering guide/categories
Rendered guide/_banner (0.00004)
Rendered guide/_cat_menu (0.00093)
Rendered guide/_type_menu (0.00058)
DEPRECATION WARNING: start_form_tag is deprecated and will be removed from Rails 2.0 (use form_tag instead)  See http://www.rubyonrails.org/deprecation for details. (called from _run_rhtml_47app47views47guide47_search_box46rhtml at /Users/ianmooney/Rails/this_is_uk/app/views/guide/_search_box.rhtml:4)
DEPRECATION WARNING: end_form_tag is deprecated and will be removed from Rails 2.0  See http://www.rubyonrails.org/deprecation for details. (called from _run_rhtml_47app47views47guide47_search_box46rhtml at /Users/ianmooney/Rails/this_is_uk/app/views/guide/_search_box.rhtml:7)
Rendered guide/_search_box (0.00092)
  [4;36;1mItem Columns (0.002462)[0m   [0;1mSHOW FIELDS FROM items[0m
  [4;35;1mReview Load (0.000304)[0m   [0mselect avg(rev_rating) as rev_average, avg(rev_value) as rev_value, avg(rev_child) as rev_child from reviews where item_id=85[0m
  [4;36;1mReview Columns (0.002989)[0m   [0;1mSHOW FIELDS FROM reviews[0m
  [4;35;1mReview Load (0.000314)[0m   [0mselect avg(rev_rating) as rev_average, avg(rev_value) as rev_value, avg(rev_child) as rev_child from reviews where item_id=86[0m
  [4;36;1mReview Load (0.000256)[0m   [0;1mselect avg(rev_rating) as rev_average, avg(rev_value) as rev_value, avg(rev_child) as rev_child from reviews where item_id=87[0m
  [4;35;1mReview Load (0.000310)[0m   [0mselect avg(rev_rating) as rev_average, avg(rev_value) as rev_value, avg(rev_child) as rev_child from reviews where item_id=89[0m
  [4;36;1mReview Load (0.000294)[0m   [0;1mselect avg(rev_rating) as rev_average, avg(rev_value) as rev_value, avg(rev_child) as rev_child from reviews where item_id=90[0m
  [4;35;1mReview Load (0.000263)[0m   [0mselect avg(rev_rating) as rev_average, avg(rev_value) as rev_value, avg(rev_child) as rev_child from reviews where item_id=93[0m
  [4;36;1mReview Load (0.000262)[0m   [0;1mselect avg(rev_rating) as rev_average, avg(rev_value) as rev_value, avg(rev_child) as rev_child from reviews where item_id=94[0m
  [4;35;1mReview Load (0.000238)[0m   [0mselect avg(rev_rating) as rev_average, avg(rev_value) as rev_value, avg(rev_child) as rev_child from reviews where item_id=101[0m
  [4;36;1mReview Load (0.000262)[0m   [0;1mselect avg(rev_rating) as rev_average, avg(rev_value) as rev_value, avg(rev_child) as rev_child from reviews where item_id=102[0m
  [4;35;1mReview Load (0.000226)[0m   [0mselect avg(rev_rating) as rev_average, avg(rev_value) as rev_value, avg(rev_child) as rev_child from reviews where item_id=103[0m
  [4;36;1mReview Load (0.000208)[0m   [0;1mselect avg(rev_rating) as rev_average, avg(rev_value) as rev_value, avg(rev_child) as rev_child from reviews where item_id=104[0m
  [4;35;1mReview Load (0.000204)[0m   [0mselect avg(rev_rating) as rev_average, avg(rev_value) as rev_value, avg(rev_child) as rev_child from reviews where item_id=105[0m
  [4;36;1mReview Load (0.000205)[0m   [0;1mselect avg(rev_rating) as rev_average, avg(rev_value) as rev_value, avg(rev_child) as rev_child from reviews where item_id=106[0m
  [4;35;1mReview Load (0.000203)[0m   [0mselect avg(rev_rating) as rev_average, avg(rev_value) as rev_value, avg(rev_child) as rev_child from reviews where item_id=107[0m
  [4;36;1mReview Load (0.000203)[0m   [0;1mselect avg(rev_rating) as rev_average, avg(rev_value) as rev_value, avg(rev_child) as rev_child from reviews where item_id=108[0m
  [4;35;1mReview Load (0.000232)[0m   [0mselect avg(rev_rating) as rev_average, avg(rev_value) as rev_value, avg(rev_child) as rev_child from reviews where item_id=109[0m
  [4;36;1mReview Load (0.000234)[0m   [0;1mselect avg(rev_rating) as rev_average, avg(rev_value) as rev_value, avg(rev_child) as rev_child from reviews where item_id=110[0m
  [4;35;1mReview Load (0.000249)[0m   [0mselect avg(rev_rating) as rev_average, avg(rev_value) as rev_value, avg(rev_child) as rev_child from reviews where item_id=111[0m
  [4;36;1mReview Load (0.000218)[0m   [0;1mselect avg(rev_rating) as rev_average, avg(rev_value) as rev_value, avg(rev_child) as rev_child from reviews where item_id=112[0m
  [4;35;1mReview Load (0.000227)[0m   [0mselect avg(rev_rating) as rev_average, avg(rev_value) as rev_value, avg(rev_child) as rev_child from reviews where item_id=113[0m
  [4;36;1mReview Load (0.000216)[0m   [0;1mselect avg(rev_rating) as rev_average, avg(rev_value) as rev_value, avg(rev_child) as rev_child from reviews where item_id=114[0m
  [4;35;1mReview Load (0.000215)[0m   [0mselect avg(rev_rating) as rev_average, avg(rev_value) as rev_value, avg(rev_child) as rev_child from reviews where item_id=115[0m
  [4;36;1mReview Load (0.000229)[0m   [0;1mselect avg(rev_rating) as rev_average, avg(rev_value) as rev_value, avg(rev_child) as rev_child from reviews where item_id=116[0m
  [4;35;1mReview Load (0.000215)[0m   [0mselect avg(rev_rating) as rev_average, avg(rev_value) as rev_value, avg(rev_child) as rev_child from reviews where item_id=117[0m
  [4;36;1mReview Load (0.000226)[0m   [0;1mselect avg(rev_rating) as rev_average, avg(rev_value) as rev_value, avg(rev_child) as rev_child from reviews where item_id=118[0m
  [4;35;1mReview Load (0.000202)[0m   [0mselect avg(rev_rating) as rev_average, avg(rev_value) as rev_value, avg(rev_child) as rev_child from reviews where item_id=119[0m
  [4;36;1mReview Load (0.000213)[0m   [0;1mselect avg(rev_rating) as rev_average, avg(rev_value) as rev_value, avg(rev_child) as rev_child from reviews where item_id=120[0m
  [4;35;1mReview Load (0.000212)[0m   [0mselect avg(rev_rating) as rev_average, avg(rev_value) as rev_value, avg(rev_child) as rev_child from reviews where item_id=121[0m
  [4;36;1mReview Load (0.000262)[0m   [0;1mselect avg(rev_rating) as rev_average, avg(rev_value) as rev_value, avg(rev_child) as rev_child from reviews where item_id=122[0m
  [4;35;1mReview Load (0.000232)[0m   [0mselect avg(rev_rating) as rev_average, avg(rev_value) as rev_value, avg(rev_child) as rev_child from reviews where item_id=123[0m
  [4;36;1mReview Load (0.000211)[0m   [0;1mselect avg(rev_rating) as rev_average, avg(rev_value) as rev_value, avg(rev_child) as rev_child from reviews where item_id=124[0m
  [4;35;1mReview Load (0.000206)[0m   [0mselect avg(rev_rating) as rev_average, avg(rev_value) as rev_value, avg(rev_child) as rev_child from reviews where item_id=125[0m
  [4;36;1mReview Load (0.000216)[0m   [0;1mselect avg(rev_rating) as rev_average, avg(rev_value) as rev_value, avg(rev_child) as rev_child from reviews where item_id=126[0m
  [4;35;1mReview Load (0.000205)[0m   [0mselect avg(rev_rating) as rev_average, avg(rev_value) as rev_value, avg(rev_child) as rev_child from reviews where item_id=127[0m
  [4;36;1mReview Load (0.000244)[0m   [0;1mselect avg(rev_rating) as rev_average, avg(rev_value) as rev_value, avg(rev_child) as rev_child from reviews where item_id=128[0m
  [4;35;1mReview Load (0.000230)[0m   [0mselect avg(rev_rating) as rev_average, avg(rev_value) as rev_value, avg(rev_child) as rev_child from reviews where item_id=129[0m
  [4;36;1mReview Load (0.000205)[0m   [0;1mselect avg(rev_rating) as rev_average, avg(rev_value) as rev_value, avg(rev_child) as rev_child from reviews where item_id=130[0m
  [4;35;1mReview Load (0.000225)[0m   [0mselect avg(rev_rating) as rev_average, avg(rev_value) as rev_value, avg(rev_child) as rev_child from reviews where item_id=131[0m
  [4;36;1mReview Load (0.000256)[0m   [0;1mselect avg(rev_rating) as rev_average, avg(rev_value) as rev_value, avg(rev_child) as rev_child from reviews where item_id=132[0m
  [4;35;1mReview Load (0.000279)[0m   [0mselect avg(rev_rating) as rev_average, avg(rev_value) as rev_value, avg(rev_child) as rev_child from reviews where item_id=133[0m
  [4;36;1mReview Load (0.000301)[0m   [0;1mselect avg(rev_rating) as rev_average, avg(rev_value) as rev_value, avg(rev_child) as rev_child from reviews where item_id=134[0m
  [4;35;1mReview Load (0.000281)[0m   [0mselect avg(rev_rating) as rev_average, avg(rev_value) as rev_value, avg(rev_child) as rev_child from reviews where item_id=135[0m
  [4;36;1mReview Load (0.000252)[0m   [0;1mselect avg(rev_rating) as rev_average, avg(rev_value) as rev_value, avg(rev_child) as rev_child from reviews where item_id=136[0m
  [4;35;1mReview Load (0.000241)[0m   [0mselect avg(rev_rating) as rev_average, avg(rev_value) as rev_value, avg(rev_child) as rev_child from reviews where item_id=137[0m
  [4;36;1mReview Load (0.000212)[0m   [0;1mselect avg(rev_rating) as rev_average, avg(rev_value) as rev_value, avg(rev_child) as rev_child from reviews where item_id=138[0m
  [4;35;1mReview Load (0.000229)[0m   [0mselect avg(rev_rating) as rev_average, avg(rev_value) as rev_value, avg(rev_child) as rev_child from reviews where item_id=139[0m
  [4;36;1mReview Load (0.000220)[0m   [0;1mselect avg(rev_rating) as rev_average, avg(rev_value) as rev_value, avg(rev_child) as rev_child from reviews where item_id=140[0m
  [4;35;1mReview Load (0.000210)[0m   [0mselect avg(rev_rating) as rev_average, avg(rev_value) as rev_value, avg(rev_child) as rev_child from reviews where item_id=141[0m
  [4;36;1mReview Load (0.000205)[0m   [0;1mselect avg(rev_rating) as rev_average, avg(rev_value) as rev_value, avg(rev_child) as rev_child from reviews where item_id=142[0m
  [4;35;1mReview Load (0.000203)[0m   [0mselect avg(rev_rating) as rev_average, avg(rev_value) as rev_value, avg(rev_child) as rev_child from reviews where item_id=143[0m
  [4;36;1mReview Load (0.000203)[0m   [0;1mselect avg(rev_rating) as rev_average, avg(rev_value) as rev_value, avg(rev_child) as rev_child from reviews where item_id=144[0m
  [4;35;1mReview Load (0.000219)[0m   [0mselect avg(rev_rating) as rev_average, avg(rev_value) as rev_value, avg(rev_child) as rev_child from reviews where item_id=145[0m
  [4;36;1mReview Load (0.000204)[0m   [0;1mselect avg(rev_rating) as rev_average, avg(rev_value) as rev_value, avg(rev_child) as rev_child from reviews where item_id=146[0m
  [4;35;1mReview Load (0.000236)[0m   [0mselect avg(rev_rating) as rev_average, avg(rev_value) as rev_value, avg(rev_child) as rev_child from reviews where item_id=147[0m
  [4;36;1mReview Load (0.000275)[0m   [0;1mselect avg(rev_rating) as rev_average, avg(rev_value) as rev_value, avg(rev_child) as rev_child from reviews where item_id=148[0m
  [4;35;1mReview Load (0.000420)[0m   [0mselect avg(rev_rating) as rev_average, avg(rev_value) as rev_value, avg(rev_child) as rev_child from reviews where item_id=149[0m
  [4;36;1mReview Load (0.000274)[0m   [0;1mselect avg(rev_rating) as rev_average, avg(rev_value) as rev_value, avg(rev_child) as rev_child from reviews where item_id=150[0m
  [4;35;1mReview Load (0.000299)[0m   [0mselect avg(rev_rating) as rev_average, avg(rev_value) as rev_value, avg(rev_child) as rev_child from reviews where item_id=151[0m
  [4;36;1mReview Load (0.000257)[0m   [0;1mselect avg(rev_rating) as rev_average, avg(rev_value) as rev_value, avg(rev_child) as rev_child from reviews where item_id=152[0m
  [4;35;1mReview Load (0.000227)[0m   [0mselect avg(rev_rating) as rev_average, avg(rev_value) as rev_value, avg(rev_child) as rev_child from reviews where item_id=153[0m
  [4;36;1mReview Load (0.000288)[0m   [0;1mselect avg(rev_rating) as rev_average, avg(rev_value) as rev_value, avg(rev_child) as rev_child from reviews where item_id=154[0m
  [4;35;1mReview Load (0.000321)[0m   [0mselect avg(rev_rating) as rev_average, avg(rev_value) as rev_value, avg(rev_child) as rev_child from reviews where item_id=155[0m
  [4;36;1mReview Load (0.000242)[0m   [0;1mselect avg(rev_rating) as rev_average, avg(rev_value) as rev_value, avg(rev_child) as rev_child from reviews where item_id=156[0m
  [4;35;1mReview Load (0.000227)[0m   [0mselect avg(rev_rating) as rev_average, avg(rev_value) as rev_value, avg(rev_child) as rev_child from reviews where item_id=157[0m
  [4;36;1mReview Load (0.000225)[0m   [0;1mselect avg(rev_rating) as rev_average, avg(rev_value) as rev_value, avg(rev_child) as rev_child from reviews where item_id=158[0m
  [4;35;1mReview Load (0.000279)[0m   [0mselect avg(rev_rating) as rev_average, avg(rev_value) as rev_value, avg(rev_child) as rev_child from reviews where item_id=159[0m
  [4;36;1mReview Load (0.000252)[0m   [0;1mselect avg(rev_rating) as rev_average, avg(rev_value) as rev_value, avg(rev_child) as rev_child from reviews where item_id=160[0m
  [4;35;1mReview Load (0.000232)[0m   [0mselect avg(rev_rating) as rev_average, avg(rev_value) as rev_value, avg(rev_child) as rev_child from reviews where item_id=162[0m
  [4;36;1mReview Load (0.000265)[0m   [0;1mselect avg(rev_rating) as rev_average, avg(rev_value) as rev_value, avg(rev_child) as rev_child from reviews where item_id=163[0m
  [4;35;1mReview Load (0.000235)[0m   [0mselect avg(rev_rating) as rev_average, avg(rev_value) as rev_value, avg(rev_child) as rev_child from reviews where item_id=164[0m
  [4;36;1mReview Load (0.000226)[0m   [0;1mselect avg(rev_rating) as rev_average, avg(rev_value) as rev_value, avg(rev_child) as rev_child from reviews where item_id=165[0m
  [4;35;1mReview Load (0.000222)[0m   [0mselect avg(rev_rating) as rev_average, avg(rev_value) as rev_value, avg(rev_child) as rev_child from reviews where item_id=166[0m
  [4;36;1mReview Load (0.000253)[0m   [0;1mselect avg(rev_rating) as rev_average, avg(rev_value) as rev_value, avg(rev_child) as rev_child from reviews where item_id=167[0m
  [4;35;1mReview Load (0.000221)[0m   [0mselect avg(rev_rating) as rev_average, avg(rev_value) as rev_value, avg(rev_child) as rev_child from reviews where item_id=168[0m
  [4;36;1mReview Load (0.000222)[0m   [0;1mselect avg(rev_rating) as rev_average, avg(rev_value) as rev_value, avg(rev_child) as rev_child from reviews where item_id=169[0m
  [4;35;1mReview Load (0.000287)[0m   [0mselect avg(rev_rating) as rev_average, avg(rev_value) as rev_value, avg(rev_child) as rev_child from reviews where item_id=170[0m
  [4;36;1mReview Load (0.000242)[0m   [0;1mselect avg(rev_rating) as rev_average, avg(rev_value) as rev_value, avg(rev_child) as rev_child from reviews where item_id=171[0m
  [4;35;1mReview Load (0.000206)[0m   [0mselect avg(rev_rating) as rev_average, avg(rev_value) as rev_value, avg(rev_child) as rev_child from reviews where item_id=172[0m
  [4;36;1mReview Load (0.000281)[0m   [0;1mselect avg(rev_rating) as rev_average, avg(rev_value) as rev_value, avg(rev_child) as rev_child from reviews where item_id=173[0m
  [4;35;1mReview Load (0.000311)[0m   [0mselect avg(rev_rating) as rev_average, avg(rev_value) as rev_value, avg(rev_child) as rev_child from reviews where item_id=174[0m
  [4;36;1mReview Load (0.000276)[0m   [0;1mselect avg(rev_rating) as rev_average, avg(rev_value) as rev_value, avg(rev_child) as rev_child from reviews where item_id=175[0m
  [4;35;1mReview Load (0.000280)[0m   [0mselect avg(rev_rating) as rev_average, avg(rev_value) as rev_value, avg(rev_child) as rev_child from reviews where item_id=176[0m
  [4;36;1mReview Load (0.000265)[0m   [0;1mselect avg(rev_rating) as rev_average, avg(rev_value) as rev_value, avg(rev_child) as rev_child from reviews where item_id=177[0m
  [4;35;1mReview Load (0.000245)[0m   [0mselect avg(rev_rating) as rev_average, avg(rev_value) as rev_value, avg(rev_child) as rev_child from reviews where item_id=178[0m
  [4;36;1mReview Load (0.000233)[0m   [0;1mselect avg(rev_rating) as rev_average, avg(rev_value) as rev_value, avg(rev_child) as rev_child from reviews where item_id=179[0m
  [4;35;1mReview Load (0.000217)[0m   [0mselect avg(rev_rating) as rev_average, avg(rev_value) as rev_value, avg(rev_child) as rev_child from reviews where item_id=180[0m
  [4;36;1mReview Load (0.000238)[0m   [0;1mselect avg(rev_rating) as rev_average, avg(rev_value) as rev_value, avg(rev_child) as rev_child from reviews where item_id=181[0m
  [4;35;1mReview Load (0.000230)[0m   [0mselect avg(rev_rating) as rev_average, avg(rev_value) as rev_value, avg(rev_child) as rev_child from reviews where item_id=220[0m
  [4;36;1mReview Load (0.000216)[0m   [0;1mselect avg(rev_rating) as rev_average, avg(rev_value) as rev_value, avg(rev_child) as rev_child from reviews where item_id=638[0m
  [4;35;1mReview Load (0.000221)[0m   [0mselect avg(rev_rating) as rev_average, avg(rev_value) as rev_value, avg(rev_child) as rev_child from reviews where item_id=639[0m
  [4;36;1mReview Load (0.000253)[0m   [0;1mselect avg(rev_rating) as rev_average, avg(rev_value) as rev_value, avg(rev_child) as rev_child from reviews where item_id=640[0m
  [4;35;1mReview Load (0.000259)[0m   [0mselect avg(rev_rating) as rev_average, avg(rev_value) as rev_value, avg(rev_child) as rev_child from reviews where item_id=641[0m
  [4;36;1mReview Load (0.000227)[0m   [0;1mselect avg(rev_rating) as rev_average, avg(rev_value) as rev_value, avg(rev_child) as rev_child from reviews where item_id=642[0m
  [4;35;1mReview Load (0.000317)[0m   [0mselect avg(rev_rating) as rev_average, avg(rev_value) as rev_value, avg(rev_child) as rev_child from reviews where item_id=643[0m
  [4;36;1mReview Load (0.000248)[0m   [0;1mselect avg(rev_rating) as rev_average, avg(rev_value) as rev_value, avg(rev_child) as rev_child from reviews where item_id=644[0m
  [4;35;1mReview Load (0.000230)[0m   [0mselect avg(rev_rating) as rev_average, avg(rev_value) as rev_value, avg(rev_child) as rev_child from reviews where item_id=645[0m
  [4;36;1mReview Load (0.000243)[0m   [0;1mselect avg(rev_rating) as rev_average, avg(rev_value) as rev_value, avg(rev_child) as rev_child from reviews where item_id=646[0m
  [4;35;1mReview Load (0.000266)[0m   [0mselect avg(rev_rating) as rev_average, avg(rev_value) as rev_value, avg(rev_child) as rev_child from reviews where item_id=647[0m
  [4;36;1mReview Load (0.000261)[0m   [0;1mselect avg(rev_rating) as rev_average, avg(rev_value) as rev_value, avg(rev_child) as rev_child from reviews where item_id=648[0m
  [4;35;1mReview Load (0.000245)[0m   [0mselect avg(rev_rating) as rev_average, avg(rev_value) as rev_value, avg(rev_child) as rev_child from reviews where item_id=649[0m
  [4;36;1mReview Load (0.000236)[0m   [0;1mselect avg(rev_rating) as rev_average, avg(rev_value) as rev_value, avg(rev_child) as rev_child from reviews where item_id=731[0m
  [4;35;1mReview Load (0.000282)[0m   [0mselect avg(rev_rating) as rev_average, avg(rev_value) as rev_value, avg(rev_child) as rev_child from reviews where item_id=732[0m
  [4;36;1mReview Load (0.000237)[0m   [0;1mselect avg(rev_rating) as rev_average, avg(rev_value) as rev_value, avg(rev_child) as rev_child from reviews where item_id=733[0m
  [4;35;1mReview Load (0.000227)[0m   [0mselect avg(rev_rating) as rev_average, avg(rev_value) as rev_value, avg(rev_child) as rev_child from reviews where item_id=734[0m
  [4;36;1mReview Load (0.000250)[0m   [0;1mselect avg(rev_rating) as rev_average, avg(rev_value) as rev_value, avg(rev_child) as rev_child from reviews where item_id=735[0m
  [4;35;1mReview Load (0.000244)[0m   [0mselect avg(rev_rating) as rev_average, avg(rev_value) as rev_value, avg(rev_child) as rev_child from reviews where item_id=736[0m
  [4;36;1mReview Load (0.000221)[0m   [0;1mselect avg(rev_rating) as rev_average, avg(rev_value) as rev_value, avg(rev_child) as rev_child from reviews where item_id=737[0m
  [4;35;1mReview Load (0.000236)[0m   [0mselect avg(rev_rating) as rev_average, avg(rev_value) as rev_value, avg(rev_child) as rev_child from reviews where item_id=738[0m
  [4;36;1mReview Load (0.000268)[0m   [0;1mselect avg(rev_rating) as rev_average, avg(rev_value) as rev_value, avg(rev_child) as rev_child from reviews where item_id=739[0m
  [4;35;1mReview Load (0.000254)[0m   [0mselect avg(rev_rating) as rev_average, avg(rev_value) as rev_value, avg(rev_child) as rev_child from reviews where item_id=740[0m
  [4;36;1mReview Load (0.000228)[0m   [0;1mselect avg(rev_rating) as rev_average, avg(rev_value) as rev_value, avg(rev_child) as rev_child from reviews where item_id=741[0m
  [4;35;1mReview Load (0.000289)[0m   [0mselect avg(rev_rating) as rev_average, avg(rev_value) as rev_value, avg(rev_child) as rev_child from reviews where item_id=742[0m
  [4;36;1mReview Load (0.000235)[0m   [0;1mselect avg(rev_rating) as rev_average, avg(rev_value) as rev_value, avg(rev_child) as rev_child from reviews where item_id=743[0m
  [4;35;1mReview Load (0.000279)[0m   [0mselect avg(rev_rating) as rev_average, avg(rev_value) as rev_value, avg(rev_child) as rev_child from reviews where item_id=744[0m
  [4;36;1mReview Load (0.000248)[0m   [0;1mselect avg(rev_rating) as rev_average, avg(rev_value) as rev_value, avg(rev_child) as rev_child from reviews where item_id=745[0m
  [4;35;1mReview Load (0.000258)[0m   [0mselect avg(rev_rating) as rev_average, avg(rev_value) as rev_value, avg(rev_child) as rev_child from reviews where item_id=746[0m
  [4;36;1mReview Load (0.000237)[0m   [0;1mselect avg(rev_rating) as rev_average, avg(rev_value) as rev_value, avg(rev_child) as rev_child from reviews where item_id=747[0m
  [4;35;1mReview Load (0.000247)[0m   [0mselect avg(rev_rating) as rev_average, avg(rev_value) as rev_value, avg(rev_child) as rev_child from reviews where item_id=748[0m
  [4;36;1mReview Load (0.000225)[0m   [0;1mselect avg(rev_rating) as rev_average, avg(rev_value) as rev_value, avg(rev_child) as rev_child from reviews where item_id=749[0m
  [4;35;1mReview Load (0.000286)[0m   [0mselect avg(rev_rating) as rev_average, avg(rev_value) as rev_value, avg(rev_child) as rev_child from reviews where item_id=750[0m
  [4;36;1mReview Load (0.000232)[0m   [0;1mselect avg(rev_rating) as rev_average, avg(rev_value) as rev_value, avg(rev_child) as rev_child from reviews where item_id=751[0m
  [4;35;1mReview Load (0.000225)[0m   [0mselect avg(rev_rating) as rev_average, avg(rev_value) as rev_value, avg(rev_child) as rev_child from reviews where item_id=752[0m
  [4;36;1mReview Load (0.000239)[0m   [0;1mselect avg(rev_rating) as rev_average, avg(rev_value) as rev_value, avg(rev_child) as rev_child from reviews where item_id=753[0m
  [4;35;1mReview Load (0.000237)[0m   [0mselect avg(rev_rating) as rev_average, avg(rev_value) as rev_value, avg(rev_child) as rev_child from reviews where item_id=754[0m
  [4;36;1mReview Load (0.000249)[0m   [0;1mselect avg(rev_rating) as rev_average, avg(rev_value) as rev_value, avg(rev_child) as rev_child from reviews where item_id=755[0m
  [4;35;1mReview Load (0.000284)[0m   [0mselect avg(rev_rating) as rev_average, avg(rev_value) as rev_value, avg(rev_child) as rev_child from reviews where item_id=756[0m
  [4;36;1mReview Load (0.000305)[0m   [0;1mselect avg(rev_rating) as rev_average, avg(rev_value) as rev_value, avg(rev_child) as rev_child from reviews where item_id=757[0m
  [4;35;1mReview Load (0.000257)[0m   [0mselect avg(rev_rating) as rev_average, avg(rev_value) as rev_value, avg(rev_child) as rev_child from reviews where item_id=758[0m
  [4;36;1mReview Load (0.000225)[0m   [0;1mselect avg(rev_rating) as rev_average, avg(rev_value) as rev_value, avg(rev_child) as rev_child from reviews where item_id=762[0m
  [4;35;1mReview Load (0.000222)[0m   [0mselect avg(rev_rating) as rev_average, avg(rev_value) as rev_value, avg(rev_child) as rev_child from reviews where item_id=763[0m
  [4;36;1mReview Load (0.000221)[0m   [0;1mselect avg(rev_rating) as rev_average, avg(rev_value) as rev_value, avg(rev_child) as rev_child from reviews where item_id=764[0m
  [4;35;1mReview Load (0.000262)[0m   [0mselect avg(rev_rating) as rev_average, avg(rev_value) as rev_value, avg(rev_child) as rev_child from reviews where item_id=765[0m
Rendered guide/_footer (0.00047)
Completed in 0.17300 (5 reqs/sec) | Rendering: 0.07497 (43%) | DB: 0.07802 (45%) | 200 OK [http://localhost/restaurants-and-cafes/all/all]
